Determining if the pthread_create exist failed with the following output:
Change Dir: /home/justin/MR/auv/catkin_ws/src/simulation/plugins/build/CMakeFiles/CMakeTmp

Run Build Command:/usr/bin/make "cmTryCompileExec546590746/fast"
/usr/bin/make -f CMakeFiles/cmTryCompileExec546590746.dir/build.make CMakeFiles/cmTryCompileExec546590746.dir/build
make[1]: Entering directory `/home/justin/MR/auv/catkin_ws/src/simulation/plugins/build/CMakeFiles/CMakeTmp'
/usr/bin/cmake -E cmake_progress_report /home/justin/MR/auv/catkin_ws/src/simulation/plugins/build/CMakeFiles/CMakeTmp/CMakeFiles 1
Building C object CMakeFiles/cmTryCompileExec546590746.dir/CheckSymbolExists.c.o
/usr/bin/cc    -o CMakeFiles/cmTryCompileExec546590746.dir/CheckSymbolExists.c.o   -c /home/justin/MR/auv/catkin_ws/src/simulation/plugins/build/CMakeFiles/CMakeTmp/CheckSymbolExists.c
Linking C executable cmTryCompileExec546590746
/usr/bin/cmake -E cmake_link_script CMakeFiles/cmTryCompileExec546590746.dir/link.txt --verbose=1
/usr/bin/cc       CMakeFiles/cmTryCompileExec546590746.dir/CheckSymbolExists.c.o  -o cmTryCompileExec546590746 -rdynamic 
CMakeFiles/cmTryCompileExec546590746.dir/CheckSymbolExists.c.o: In function `main':
CheckSymbolExists.c:(.text+0x16): undefined reference to `pthread_create'
collect2: error: ld returned 1 exit status
make[1]: Leaving directory `/home/justin/MR/auv/catkin_ws/src/simulation/plugins/build/CMakeFiles/CMakeTmp'
make[1]: *** [cmTryCompileExec546590746] Error 1
make: *** [cmTryCompileExec546590746/fast] Error 2

File /home/justin/MR/auv/catkin_ws/src/simulation/plugins/build/CMakeFiles/CMakeTmp/CheckSymbolExists.c:
/* */
#include <pthread.h>

int main(int argc, char** argv)
{
  (void)argv;
#ifndef pthread_create
  return ((int*)(&pthread_create))[argc];
#else
  (void)argc;
  return 0;
#endif
}

Determining if the function pthread_create exists in the pthreads failed with the following output:
Change Dir: /home/justin/MR/auv/catkin_ws/src/simulation/plugins/build/CMakeFiles/CMakeTmp

Run Build Command:/usr/bin/make "cmTryCompileExec1857000218/fast"
/usr/bin/make -f CMakeFiles/cmTryCompileExec1857000218.dir/build.make CMakeFiles/cmTryCompileExec1857000218.dir/build
make[1]: Entering directory `/home/justin/MR/auv/catkin_ws/src/simulation/plugins/build/CMakeFiles/CMakeTmp'
/usr/bin/cmake -E cmake_progress_report /home/justin/MR/auv/catkin_ws/src/simulation/plugins/build/CMakeFiles/CMakeTmp/CMakeFiles 1
Building C object CMakeFiles/cmTryCompileExec1857000218.dir/CheckFunctionExists.c.o
/usr/bin/cc   -DCHECK_FUNCTION_EXISTS=pthread_create   -o CMakeFiles/cmTryCompileExec1857000218.dir/CheckFunctionExists.c.o   -c /usr/share/cmake-2.8/Modules/CheckFunctionExists.c
Linking C executable cmTryCompileExec1857000218
/usr/bin/cmake -E cmake_link_script CMakeFiles/cmTryCompileExec1857000218.dir/link.txt --verbose=1
/usr/bin/cc   -DCHECK_FUNCTION_EXISTS=pthread_create    CMakeFiles/cmTryCompileExec1857000218.dir/CheckFunctionExists.c.o  -o cmTryCompileExec1857000218 -rdynamic -lpthreads 
/usr/bin/ld: cannot find -lpthreads
collect2: error: ld returned 1 exit status
make[1]: Leaving directory `/home/justin/MR/auv/catkin_ws/src/simulation/plugins/build/CMakeFiles/CMakeTmp'
make[1]: *** [cmTryCompileExec1857000218] Error 1
make: *** [cmTryCompileExec1857000218/fast] Error 2


